<?xml version="1.0" encoding="UTF-8"?>
<testsuite xmlns:xsi="http://www.w3.org/2001/XMLSchema-instance" xsi:noNamespaceSchemaLocation="https://maven.apache.org/surefire/maven-surefire-plugin/xsd/surefire-test-report-3.0.xsd" version="3.0" name="com.oneHealth.Video.OneHealthVideoApplicationTests" time="7.69" tests="1" errors="0" skipped="0" failures="0">
  <properties>
[...]
</properties>
  <testcase name="contextLoads" classname="com.oneHealth.Video.OneHealthVideoApplicationTests" time="2.462">
    <system-out><![CDATA[12:28:09.480 [main] INFO org.springframework.test.context.support.AnnotationConfigContextLoaderUtils -- Could not detect default configuration classes for test class [com.oneHealth.Video.OneHealthVideoApplicationTests]: OneHealthVideoApplicationTests does not declare any static, non-private, non-final, nested classes annotated with @Configuration.
12:28:09.753 [main] INFO org.springframework.boot.test.context.SpringBootTestContextBootstrapper -- Found @SpringBootConfiguration com.oneHealth.Video.OneHealthVideoApplication for test class com.oneHealth.Video.OneHealthVideoApplicationTests

  .   ____          _            __ _ _
 /\\ / ___'_ __ _ _(_)_ __  __ _ \ \ \ \
( ( )\___ | '_ | '_| | '_ \/ _` | \ \ \ \
 \\/  ___)| |_)| | | | | || (_| |  ) ) ) )
  '  |____| .__|_| |_|_| |_\__, | / / / /
 =========|_|==============|___/=/_/_/_/
 :: Spring Boot ::                (v3.1.2)

2024-01-04T12:28:10.869+05:30  WARN 4788 --- [           main] ory$DuplicateJsonObjectContextCustomizer : 

Found multiple occurrences of org.json.JSONObject on the class path:

	jar:file:/C:/Users/LENOVO/.m2/repository/org/json/json/20230227/json-20230227.jar!/org/json/JSONObject.class
	jar:file:/C:/Users/LENOVO/.m2/repository/com/vaadin/external/google/android-json/0.0.20131108.vaadin1/android-json-0.0.20131108.vaadin1.jar!/org/json/JSONObject.class

You may wish to exclude one of them to ensure predictable runtime behavior

2024-01-04T12:28:10.916+05:30  INFO 4788 --- [           main] c.o.V.OneHealthVideoApplicationTests     : Starting OneHealthVideoApplicationTests using Java 17.0.6 with PID 4788 (started by LENOVO in G:\Backup  7.4.2023\desktop\Spring_Learn\OneHealth_Video)
2024-01-04T12:28:10.924+05:30  INFO 4788 --- [           main] c.o.V.OneHealthVideoApplicationTests     : No active profile set, falling back to 1 default profile: "default"
2024-01-04T12:28:14.246+05:30  INFO 4788 --- [           main] o.s.m.s.b.SimpleBrokerMessageHandler     : Starting...
2024-01-04T12:28:14.251+05:30  INFO 4788 --- [           main] o.s.m.s.b.SimpleBrokerMessageHandler     : BrokerAvailabilityEvent[available=true, SimpleBrokerMessageHandler [org.springframework.messaging.simp.broker.DefaultSubscriptionRegistry@5f59ea8c]]
2024-01-04T12:28:14.254+05:30  INFO 4788 --- [           main] o.s.m.s.b.SimpleBrokerMessageHandler     : Started.
2024-01-04T12:28:14.270+05:30  INFO 4788 --- [           main] c.o.V.OneHealthVideoApplicationTests     : Started OneHealthVideoApplicationTests in 4.064 seconds (process running for 6.445)
]]></system-out>
  </testcase>
</testsuite>